<?xml version="1.0" encoding="UTF-8"?>
<testsuite xmlns:xsi="http://www.w3.org/2001/XMLSchema-instance" xsi:noNamespaceSchemaLocation="https://maven.apache.org/surefire/maven-surefire-plugin/xsd/surefire-test-report.xsd" name="ru.sfedu.photosearch.providers.DataProviderDatabaseNegativeTest" time="0.38" tests="29" errors="0" skipped="0" failures="0">
  <properties>
    <property name="sun.desktop" value="windows"/>
    <property name="awt.toolkit" value="sun.awt.windows.WToolkit"/>
    <property name="java.specification.version" value="11"/>
    <property name="sun.cpu.isalist" value="amd64"/>
    <property name="sun.jnu.encoding" value="Cp1251"/>
    <property name="java.class.path" value="C:\Users\cucumber\IdeaProjects\PhotosearchApp\target\test-classes;C:\Users\cucumber\IdeaProjects\PhotosearchApp\target\classes;C:\Users\cucumber\.m2\repository\org\apache\maven\plugins\maven-compiler-plugin\3.8.1\maven-compiler-plugin-3.8.1.jar;C:\Users\cucumber\.m2\repository\org\apache\maven\maven-plugin-api\3.0\maven-plugin-api-3.0.jar;C:\Users\cucumber\.m2\repository\org\apache\maven\maven-model\3.0\maven-model-3.0.jar;C:\Users\cucumber\.m2\repository\org\sonatype\sisu\sisu-inject-plexus\1.4.2\sisu-inject-plexus-1.4.2.jar;C:\Users\cucumber\.m2\repository\org\sonatype\sisu\sisu-inject-bean\1.4.2\sisu-inject-bean-1.4.2.jar;C:\Users\cucumber\.m2\repository\org\sonatype\sisu\sisu-guice\2.1.7\sisu-guice-2.1.7-noaop.jar;C:\Users\cucumber\.m2\repository\org\apache\maven\maven-artifact\3.0\maven-artifact-3.0.jar;C:\Users\cucumber\.m2\repository\org\codehaus\plexus\plexus-utils\2.0.4\plexus-utils-2.0.4.jar;C:\Users\cucumber\.m2\repository\org\apache\maven\maven-core\3.0\maven-core-3.0.jar;C:\Users\cucumber\.m2\repository\org\apache\maven\maven-settings\3.0\maven-settings-3.0.jar;C:\Users\cucumber\.m2\repository\org\apache\maven\maven-settings-builder\3.0\maven-settings-builder-3.0.jar;C:\Users\cucumber\.m2\repository\org\apache\maven\maven-repository-metadata\3.0\maven-repository-metadata-3.0.jar;C:\Users\cucumber\.m2\repository\org\apache\maven\maven-model-builder\3.0\maven-model-builder-3.0.jar;C:\Users\cucumber\.m2\repository\org\apache\maven\maven-aether-provider\3.0\maven-aether-provider-3.0.jar;C:\Users\cucumber\.m2\repository\org\sonatype\aether\aether-impl\1.7\aether-impl-1.7.jar;C:\Users\cucumber\.m2\repository\org\sonatype\aether\aether-spi\1.7\aether-spi-1.7.jar;C:\Users\cucumber\.m2\repository\org\sonatype\aether\aether-api\1.7\aether-api-1.7.jar;C:\Users\cucumber\.m2\repository\org\sonatype\aether\aether-util\1.7\aether-util-1.7.jar;C:\Users\cucumber\.m2\repository\org\codehaus\plexus\plexus-interpolation\1.14\plexus-interpolation-1.14.jar;C:\Users\cucumber\.m2\repository\org\codehaus\plexus\plexus-classworlds\2.2.3\plexus-classworlds-2.2.3.jar;C:\Users\cucumber\.m2\repository\org\codehaus\plexus\plexus-component-annotations\1.5.5\plexus-component-annotations-1.5.5.jar;C:\Users\cucumber\.m2\repository\org\sonatype\plexus\plexus-sec-dispatcher\1.3\plexus-sec-dispatcher-1.3.jar;C:\Users\cucumber\.m2\repository\org\sonatype\plexus\plexus-cipher\1.4\plexus-cipher-1.4.jar;C:\Users\cucumber\.m2\repository\org\apache\maven\shared\maven-shared-utils\3.2.1\maven-shared-utils-3.2.1.jar;C:\Users\cucumber\.m2\repository\commons-io\commons-io\2.5\commons-io-2.5.jar;C:\Users\cucumber\.m2\repository\org\apache\maven\shared\maven-shared-incremental\1.1\maven-shared-incremental-1.1.jar;C:\Users\cucumber\.m2\repository\org\codehaus\plexus\plexus-java\0.9.10\plexus-java-0.9.10.jar;C:\Users\cucumber\.m2\repository\org\ow2\asm\asm\6.2\asm-6.2.jar;C:\Users\cucumber\.m2\repository\com\thoughtworks\qdox\qdox\2.0-M8\qdox-2.0-M8.jar;C:\Users\cucumber\.m2\repository\org\codehaus\plexus\plexus-compiler-api\2.8.4\plexus-compiler-api-2.8.4.jar;C:\Users\cucumber\.m2\repository\org\codehaus\plexus\plexus-compiler-manager\2.8.4\plexus-compiler-manager-2.8.4.jar;C:\Users\cucumber\.m2\repository\org\codehaus\plexus\plexus-compiler-javac\2.8.4\plexus-compiler-javac-2.8.4.jar;C:\Users\cucumber\.m2\repository\org\apache\logging\log4j\log4j-api\2.13.3\log4j-api-2.13.3.jar;C:\Users\cucumber\.m2\repository\org\apache\logging\log4j\log4j-core\2.13.3\log4j-core-2.13.3.jar;C:\Users\cucumber\.m2\repository\org\junit\jupiter\junit-jupiter\5.7.0\junit-jupiter-5.7.0.jar;C:\Users\cucumber\.m2\repository\org\junit\jupiter\junit-jupiter-api\5.7.0\junit-jupiter-api-5.7.0.jar;C:\Users\cucumber\.m2\repository\org\apiguardian\apiguardian-api\1.1.0\apiguardian-api-1.1.0.jar;C:\Users\cucumber\.m2\repository\org\opentest4j\opentest4j\1.2.0\opentest4j-1.2.0.jar;C:\Users\cucumber\.m2\repository\org\junit\platform\junit-platform-commons\1.7.0\junit-platform-commons-1.7.0.jar;C:\Users\cucumber\.m2\repository\org\junit\jupiter\junit-jupiter-params\5.7.0\junit-jupiter-params-5.7.0.jar;C:\Users\cucumber\.m2\repository\org\junit\jupiter\junit-jupiter-engine\5.7.0\junit-jupiter-engine-5.7.0.jar;C:\Users\cucumber\.m2\repository\org\junit\platform\junit-platform-engine\1.7.0\junit-platform-engine-1.7.0.jar;C:\Users\cucumber\.m2\repository\org\apache\logging\log4j\log4j-slf4j-impl\2.9.0\log4j-slf4j-impl-2.9.0.jar;C:\Users\cucumber\.m2\repository\org\slf4j\slf4j-api\1.7.25\slf4j-api-1.7.25.jar;C:\Users\cucumber\.m2\repository\org\simpleframework\simple-xml\2.7.1\simple-xml-2.7.1.jar;C:\Users\cucumber\.m2\repository\stax\stax-api\1.0.1\stax-api-1.0.1.jar;C:\Users\cucumber\.m2\repository\stax\stax\1.2.0\stax-1.2.0.jar;C:\Users\cucumber\.m2\repository\xpp3\xpp3\1.1.3.3\xpp3-1.1.3.3.jar;C:\Users\cucumber\.m2\repository\com\opencsv\opencsv\4.1\opencsv-4.1.jar;C:\Users\cucumber\.m2\repository\org\apache\commons\commons-lang3\3.6\commons-lang3-3.6.jar;C:\Users\cucumber\.m2\repository\org\apache\commons\commons-text\1.1\commons-text-1.1.jar;C:\Users\cucumber\.m2\repository\commons-beanutils\commons-beanutils\1.9.3\commons-beanutils-1.9.3.jar;C:\Users\cucumber\.m2\repository\commons-logging\commons-logging\1.2\commons-logging-1.2.jar;C:\Users\cucumber\.m2\repository\commons-collections\commons-collections\3.2.2\commons-collections-3.2.2.jar;C:\Users\cucumber\.m2\repository\com\h2database\h2\1.4.200\h2-1.4.200.jar;"/>
    <property name="java.vm.vendor" value="Oracle Corporation"/>
    <property name="sun.arch.data.model" value="64"/>
    <property name="user.variant" value=""/>
    <property name="java.vendor.url" value="https://openjdk.java.net/"/>
    <property name="user.timezone" value="Europe/Moscow"/>
    <property name="java.vm.specification.version" value="11"/>
    <property name="os.name" value="Windows 10"/>
    <property name="sun.java.launcher" value="SUN_STANDARD"/>
    <property name="user.country" value="RU"/>
    <property name="sun.boot.library.path" value="C:\Program Files\Java\jdk-11.0.9\bin"/>
    <property name="sun.java.command" value="C:\Users\cucumber\AppData\Local\Temp\surefire4122493377631829013\surefirebooter14295569707115005214.jar C:\Users\cucumber\AppData\Local\Temp\surefire4122493377631829013 2021-03-21T23-18-43_952-jvmRun1 surefire14969479458652353550tmp surefire_08280004153070194042tmp"/>
    <property name="jdk.debug" value="release"/>
    <property name="surefire.test.class.path" value="C:\Users\cucumber\IdeaProjects\PhotosearchApp\target\test-classes;C:\Users\cucumber\IdeaProjects\PhotosearchApp\target\classes;C:\Users\cucumber\.m2\repository\org\apache\maven\plugins\maven-compiler-plugin\3.8.1\maven-compiler-plugin-3.8.1.jar;C:\Users\cucumber\.m2\repository\org\apache\maven\maven-plugin-api\3.0\maven-plugin-api-3.0.jar;C:\Users\cucumber\.m2\repository\org\apache\maven\maven-model\3.0\maven-model-3.0.jar;C:\Users\cucumber\.m2\repository\org\sonatype\sisu\sisu-inject-plexus\1.4.2\sisu-inject-plexus-1.4.2.jar;C:\Users\cucumber\.m2\repository\org\sonatype\sisu\sisu-inject-bean\1.4.2\sisu-inject-bean-1.4.2.jar;C:\Users\cucumber\.m2\repository\org\sonatype\sisu\sisu-guice\2.1.7\sisu-guice-2.1.7-noaop.jar;C:\Users\cucumber\.m2\repository\org\apache\maven\maven-artifact\3.0\maven-artifact-3.0.jar;C:\Users\cucumber\.m2\repository\org\codehaus\plexus\plexus-utils\2.0.4\plexus-utils-2.0.4.jar;C:\Users\cucumber\.m2\repository\org\apache\maven\maven-core\3.0\maven-core-3.0.jar;C:\Users\cucumber\.m2\repository\org\apache\maven\maven-settings\3.0\maven-settings-3.0.jar;C:\Users\cucumber\.m2\repository\org\apache\maven\maven-settings-builder\3.0\maven-settings-builder-3.0.jar;C:\Users\cucumber\.m2\repository\org\apache\maven\maven-repository-metadata\3.0\maven-repository-metadata-3.0.jar;C:\Users\cucumber\.m2\repository\org\apache\maven\maven-model-builder\3.0\maven-model-builder-3.0.jar;C:\Users\cucumber\.m2\repository\org\apache\maven\maven-aether-provider\3.0\maven-aether-provider-3.0.jar;C:\Users\cucumber\.m2\repository\org\sonatype\aether\aether-impl\1.7\aether-impl-1.7.jar;C:\Users\cucumber\.m2\repository\org\sonatype\aether\aether-spi\1.7\aether-spi-1.7.jar;C:\Users\cucumber\.m2\repository\org\sonatype\aether\aether-api\1.7\aether-api-1.7.jar;C:\Users\cucumber\.m2\repository\org\sonatype\aether\aether-util\1.7\aether-util-1.7.jar;C:\Users\cucumber\.m2\repository\org\codehaus\plexus\plexus-interpolation\1.14\plexus-interpolation-1.14.jar;C:\Users\cucumber\.m2\repository\org\codehaus\plexus\plexus-classworlds\2.2.3\plexus-classworlds-2.2.3.jar;C:\Users\cucumber\.m2\repository\org\codehaus\plexus\plexus-component-annotations\1.5.5\plexus-component-annotations-1.5.5.jar;C:\Users\cucumber\.m2\repository\org\sonatype\plexus\plexus-sec-dispatcher\1.3\plexus-sec-dispatcher-1.3.jar;C:\Users\cucumber\.m2\repository\org\sonatype\plexus\plexus-cipher\1.4\plexus-cipher-1.4.jar;C:\Users\cucumber\.m2\repository\org\apache\maven\shared\maven-shared-utils\3.2.1\maven-shared-utils-3.2.1.jar;C:\Users\cucumber\.m2\repository\commons-io\commons-io\2.5\commons-io-2.5.jar;C:\Users\cucumber\.m2\repository\org\apache\maven\shared\maven-shared-incremental\1.1\maven-shared-incremental-1.1.jar;C:\Users\cucumber\.m2\repository\org\codehaus\plexus\plexus-java\0.9.10\plexus-java-0.9.10.jar;C:\Users\cucumber\.m2\repository\org\ow2\asm\asm\6.2\asm-6.2.jar;C:\Users\cucumber\.m2\repository\com\thoughtworks\qdox\qdox\2.0-M8\qdox-2.0-M8.jar;C:\Users\cucumber\.m2\repository\org\codehaus\plexus\plexus-compiler-api\2.8.4\plexus-compiler-api-2.8.4.jar;C:\Users\cucumber\.m2\repository\org\codehaus\plexus\plexus-compiler-manager\2.8.4\plexus-compiler-manager-2.8.4.jar;C:\Users\cucumber\.m2\repository\org\codehaus\plexus\plexus-compiler-javac\2.8.4\plexus-compiler-javac-2.8.4.jar;C:\Users\cucumber\.m2\repository\org\apache\logging\log4j\log4j-api\2.13.3\log4j-api-2.13.3.jar;C:\Users\cucumber\.m2\repository\org\apache\logging\log4j\log4j-core\2.13.3\log4j-core-2.13.3.jar;C:\Users\cucumber\.m2\repository\org\junit\jupiter\junit-jupiter\5.7.0\junit-jupiter-5.7.0.jar;C:\Users\cucumber\.m2\repository\org\junit\jupiter\junit-jupiter-api\5.7.0\junit-jupiter-api-5.7.0.jar;C:\Users\cucumber\.m2\repository\org\apiguardian\apiguardian-api\1.1.0\apiguardian-api-1.1.0.jar;C:\Users\cucumber\.m2\repository\org\opentest4j\opentest4j\1.2.0\opentest4j-1.2.0.jar;C:\Users\cucumber\.m2\repository\org\junit\platform\junit-platform-commons\1.7.0\junit-platform-commons-1.7.0.jar;C:\Users\cucumber\.m2\repository\org\junit\jupiter\junit-jupiter-params\5.7.0\junit-jupiter-params-5.7.0.jar;C:\Users\cucumber\.m2\repository\org\junit\jupiter\junit-jupiter-engine\5.7.0\junit-jupiter-engine-5.7.0.jar;C:\Users\cucumber\.m2\repository\org\junit\platform\junit-platform-engine\1.7.0\junit-platform-engine-1.7.0.jar;C:\Users\cucumber\.m2\repository\org\apache\logging\log4j\log4j-slf4j-impl\2.9.0\log4j-slf4j-impl-2.9.0.jar;C:\Users\cucumber\.m2\repository\org\slf4j\slf4j-api\1.7.25\slf4j-api-1.7.25.jar;C:\Users\cucumber\.m2\repository\org\simpleframework\simple-xml\2.7.1\simple-xml-2.7.1.jar;C:\Users\cucumber\.m2\repository\stax\stax-api\1.0.1\stax-api-1.0.1.jar;C:\Users\cucumber\.m2\repository\stax\stax\1.2.0\stax-1.2.0.jar;C:\Users\cucumber\.m2\repository\xpp3\xpp3\1.1.3.3\xpp3-1.1.3.3.jar;C:\Users\cucumber\.m2\repository\com\opencsv\opencsv\4.1\opencsv-4.1.jar;C:\Users\cucumber\.m2\repository\org\apache\commons\commons-lang3\3.6\commons-lang3-3.6.jar;C:\Users\cucumber\.m2\repository\org\apache\commons\commons-text\1.1\commons-text-1.1.jar;C:\Users\cucumber\.m2\repository\commons-beanutils\commons-beanutils\1.9.3\commons-beanutils-1.9.3.jar;C:\Users\cucumber\.m2\repository\commons-logging\commons-logging\1.2\commons-logging-1.2.jar;C:\Users\cucumber\.m2\repository\commons-collections\commons-collections\3.2.2\commons-collections-3.2.2.jar;C:\Users\cucumber\.m2\repository\com\h2database\h2\1.4.200\h2-1.4.200.jar;"/>
    <property name="sun.cpu.endian" value="little"/>
    <property name="user.home" value="C:\Users\cucumber"/>
    <property name="user.language" value="ru"/>
    <property name="java.specification.vendor" value="Oracle Corporation"/>
    <property name="java.version.date" value="2020-10-20"/>
    <property name="java.home" value="C:\Program Files\Java\jdk-11.0.9"/>
    <property name="file.separator" value="\"/>
    <property name="basedir" value="C:\Users\cucumber\IdeaProjects\PhotosearchApp"/>
    <property name="java.vm.compressedOopsMode" value="Zero based"/>
    <property name="line.separator" value="&#10;"/>
    <property name="java.specification.name" value="Java Platform API Specification"/>
    <property name="java.vm.specification.vendor" value="Oracle Corporation"/>
    <property name="java.awt.graphicsenv" value="sun.awt.Win32GraphicsEnvironment"/>
    <property name="surefire.real.class.path" value="C:\Users\cucumber\AppData\Local\Temp\surefire4122493377631829013\surefirebooter14295569707115005214.jar"/>
    <property name="user.script" value=""/>
    <property name="sun.management.compiler" value="HotSpot 64-Bit Tiered Compilers"/>
    <property name="java.runtime.version" value="11.0.9+7-LTS"/>
    <property name="user.name" value="cucumber"/>
    <property name="path.separator" value=";"/>
    <property name="os.version" value="10.0"/>
    <property name="java.runtime.name" value="Java(TM) SE Runtime Environment"/>
    <property name="file.encoding" value="Cp1251"/>
    <property name="java.vm.name" value="Java HotSpot(TM) 64-Bit Server VM"/>
    <property name="java.vendor.version" value="18.9"/>
    <property name="localRepository" value="C:\Users\cucumber\.m2\repository"/>
    <property name="java.vendor.url.bug" value="https://bugreport.java.com/bugreport/"/>
    <property name="java.io.tmpdir" value="C:\Users\cucumber\AppData\Local\Temp\"/>
    <property name="idea.version" value="2020.2.3"/>
    <property name="java.version" value="11.0.9"/>
    <property name="user.dir" value="C:\Users\cucumber\IdeaProjects\PhotosearchApp"/>
    <property name="os.arch" value="amd64"/>
    <property name="java.vm.specification.name" value="Java Virtual Machine Specification"/>
    <property name="java.awt.printerjob" value="sun.awt.windows.WPrinterJob"/>
    <property name="sun.os.patch.level" value=""/>
    <property name="java.library.path" value="C:\Program Files\Java\jdk-11.0.9\bin;C:\Windows\Sun\Java\bin;C:\Windows\system32;C:\Windows;C:\Program Files\Java\jdk-11.0.9\bin;c:\Windows;c:\Windows\system32;C:\Program Files\Git\cmd;C:\Users\cucumber\AppData\Local\Programs\Python\Python37\Scripts\;C:\Users\cucumber\AppData\Local\Programs\Python\Python37\;C:\Users\cucumber\AppData\Local\Microsoft\WindowsApps;;D:\ProgramFiles\IntelliJ IDEA Community Edition 2020.2.3\bin;;D:\ProgramFiles\PyCharm Community Edition 2020.2.3\bin;;D:\ProgramFiles\PyCharm 2020.3\bin;;."/>
    <property name="java.vendor" value="Oracle Corporation"/>
    <property name="java.vm.info" value="mixed mode"/>
    <property name="java.vm.version" value="11.0.9+7-LTS"/>
    <property name="sun.io.unicode.encoding" value="UnicodeLittle"/>
    <property name="java.class.version" value="55.0"/>
  </properties>
  <testcase name="addCommentNegative" classname="ru.sfedu.photosearch.providers.DataProviderDatabaseNegativeTest" time="0.271"/>
  <testcase name="getEventNegative" classname="ru.sfedu.photosearch.providers.DataProviderDatabaseNegativeTest" time="0.004"/>
  <testcase name="searchPhotographersNegative" classname="ru.sfedu.photosearch.providers.DataProviderDatabaseNegativeTest" time="0.002"/>
  <testcase name="deleteProfileByIdNegative" classname="ru.sfedu.photosearch.providers.DataProviderDatabaseNegativeTest" time="0.004"/>
  <testcase name="getAllFeedbacksNegative" classname="ru.sfedu.photosearch.providers.DataProviderDatabaseNegativeTest" time="0.003"/>
  <testcase name="editPhotoByIdNegative" classname="ru.sfedu.photosearch.providers.DataProviderDatabaseNegativeTest" time="0.004"/>
  <testcase name="addFeedbackNegative" classname="ru.sfedu.photosearch.providers.DataProviderDatabaseNegativeTest" time="0.004"/>
  <testcase name="getPortfolioNegative" classname="ru.sfedu.photosearch.providers.DataProviderDatabaseNegativeTest" time="0.004"/>
  <testcase name="searchEventsNegative" classname="ru.sfedu.photosearch.providers.DataProviderDatabaseNegativeTest" time="0.004"/>
  <testcase name="getLastPhotographerIdNegative" classname="ru.sfedu.photosearch.providers.DataProviderDatabaseNegativeTest" time="0.004"/>
  <testcase name="getLastUserIdNegative" classname="ru.sfedu.photosearch.providers.DataProviderDatabaseNegativeTest" time="0.004"/>
  <testcase name="deleteEventByIdNegative" classname="ru.sfedu.photosearch.providers.DataProviderDatabaseNegativeTest" time="0.004"/>
  <testcase name="createNewEventNegative" classname="ru.sfedu.photosearch.providers.DataProviderDatabaseNegativeTest" time="0.003"/>
  <testcase name="getPhotoNegative" classname="ru.sfedu.photosearch.providers.DataProviderDatabaseNegativeTest" time="0.003"/>
  <testcase name="getAllPhotosNegative" classname="ru.sfedu.photosearch.providers.DataProviderDatabaseNegativeTest" time="0.004"/>
  <testcase name="editProfileByIdNegative" classname="ru.sfedu.photosearch.providers.DataProviderDatabaseNegativeTest" time="0.003"/>
  <testcase name="createNewProfileNegative" classname="ru.sfedu.photosearch.providers.DataProviderDatabaseNegativeTest" time="0.004"/>
  <testcase name="getLastEventIdNegative" classname="ru.sfedu.photosearch.providers.DataProviderDatabaseNegativeTest" time="0.004"/>
  <testcase name="getAllCommentsByIdNegative" classname="ru.sfedu.photosearch.providers.DataProviderDatabaseNegativeTest" time="0.004"/>
  <testcase name="getAllOffersNegative" classname="ru.sfedu.photosearch.providers.DataProviderDatabaseNegativeTest" time="0.005"/>
  <testcase name="getProfileNegative" classname="ru.sfedu.photosearch.providers.DataProviderDatabaseNegativeTest" time="0.005"/>
  <testcase name="getLastPhotoIdNegative" classname="ru.sfedu.photosearch.providers.DataProviderDatabaseNegativeTest" time="0.002"/>
  <testcase name="addPhotoNegative" classname="ru.sfedu.photosearch.providers.DataProviderDatabaseNegativeTest" time="0.003"/>
  <testcase name="deletePhotoByIdNegative" classname="ru.sfedu.photosearch.providers.DataProviderDatabaseNegativeTest" time="0.003"/>
  <testcase name="getAllEventsNegative" classname="ru.sfedu.photosearch.providers.DataProviderDatabaseNegativeTest" time="0.003"/>
  <testcase name="getAllUsersNegative" classname="ru.sfedu.photosearch.providers.DataProviderDatabaseNegativeTest" time="0.003"/>
  <testcase name="editEventByIdNegative" classname="ru.sfedu.photosearch.providers.DataProviderDatabaseNegativeTest" time="0.004"/>
  <testcase name="addOfferNegative" classname="ru.sfedu.photosearch.providers.DataProviderDatabaseNegativeTest" time="0.007"/>
  <testcase name="searchUsersNegative" classname="ru.sfedu.photosearch.providers.DataProviderDatabaseNegativeTest" time="0.004"/>
</testsuite>